{"/Users/a.syunyaev/Documents/@projects/hexlet/frontend-project-46/src/compare.js": {"path":"/Users/a.syunyaev/Documents/@projects/hexlet/frontend-project-46/src/compare.js","statementMap":{"0":{"start":{"line":3,"column":16},"end":{"line":33,"column":1}},"1":{"start":{"line":4,"column":22},"end":{"line":4,"column":62}},"2":{"start":{"line":5,"column":22},"end":{"line":5,"column":62}},"3":{"start":{"line":6,"column":17},"end":{"line":6,"column":19}},"4":{"start":{"line":7,"column":2},"end":{"line":18,"column":3}},"5":{"start":{"line":8,"column":4},"end":{"line":17,"column":5}},"6":{"start":{"line":9,"column":6},"end":{"line":14,"column":7}},"7":{"start":{"line":10,"column":8},"end":{"line":10,"column":42}},"8":{"start":{"line":12,"column":8},"end":{"line":12,"column":42}},"9":{"start":{"line":13,"column":8},"end":{"line":13,"column":53}},"10":{"start":{"line":16,"column":6},"end":{"line":16,"column":40}},"11":{"start":{"line":19,"column":2},"end":{"line":23,"column":3}},"12":{"start":{"line":20,"column":4},"end":{"line":22,"column":5}},"13":{"start":{"line":21,"column":6},"end":{"line":21,"column":40}},"14":{"start":{"line":24,"column":23},"end":{"line":31,"column":4}},"15":{"start":{"line":25,"column":4},"end":{"line":27,"column":5}},"16":{"start":{"line":26,"column":6},"end":{"line":26,"column":16}},"17":{"start":{"line":27,"column":6},"end":{"line":29,"column":5}},"18":{"start":{"line":28,"column":6},"end":{"line":28,"column":15}},"19":{"start":{"line":30,"column":4},"end":{"line":30,"column":13}},"20":{"start":{"line":32,"column":2},"end":{"line":32,"column":46}}},"fnMap":{"0":{"name":"(anonymous_0)","decl":{"start":{"line":3,"column":16},"end":{"line":3,"column":17}},"loc":{"start":{"line":3,"column":34},"end":{"line":33,"column":1}},"line":3},"1":{"name":"(anonymous_1)","decl":{"start":{"line":24,"column":39},"end":{"line":24,"column":40}},"loc":{"start":{"line":24,"column":49},"end":{"line":31,"column":3}},"line":24}},"branchMap":{"0":{"loc":{"start":{"line":8,"column":4},"end":{"line":17,"column":5}},"type":"if","locations":[{"start":{"line":8,"column":4},"end":{"line":17,"column":5}},{"start":{"line":15,"column":11},"end":{"line":17,"column":5}}],"line":8},"1":{"loc":{"start":{"line":9,"column":6},"end":{"line":14,"column":7}},"type":"if","locations":[{"start":{"line":9,"column":6},"end":{"line":14,"column":7}},{"start":{"line":11,"column":13},"end":{"line":14,"column":7}}],"line":9},"2":{"loc":{"start":{"line":20,"column":4},"end":{"line":22,"column":5}},"type":"if","locations":[{"start":{"line":20,"column":4},"end":{"line":22,"column":5}},{"start":{},"end":{}}],"line":20},"3":{"loc":{"start":{"line":25,"column":4},"end":{"line":27,"column":5}},"type":"if","locations":[{"start":{"line":25,"column":4},"end":{"line":27,"column":5}},{"start":{},"end":{}}],"line":25},"4":{"loc":{"start":{"line":27,"column":6},"end":{"line":29,"column":5}},"type":"if","locations":[{"start":{"line":27,"column":6},"end":{"line":29,"column":5}},{"start":{},"end":{}}],"line":27}},"s":{"0":1,"1":2,"2":2,"3":2,"4":2,"5":4,"6":2,"7":1,"8":1,"9":1,"10":2,"11":2,"12":3,"13":1,"14":2,"15":5,"16":0,"17":5,"18":4,"19":1,"20":2},"f":{"0":2,"1":5},"b":{"0":[2,2],"1":[1,1],"2":[1,2],"3":[0,5],"4":[4,1]},"_coverageSchema":"1a1c01bbd47fc00a2c39e90264f33305004495a9","hash":"f68e571ce56bc2b3bee00143000c656429fd32bb"}
,"/Users/a.syunyaev/Documents/@projects/hexlet/frontend-project-46/src/parse.js": {"path":"/Users/a.syunyaev/Documents/@projects/hexlet/frontend-project-46/src/parse.js","statementMap":{"0":{"start":{"line":3,"column":14},"end":{"line":3,"column":54}},"1":{"start":{"line":3,"column":24},"end":{"line":3,"column":54}}},"fnMap":{"0":{"name":"(anonymous_0)","decl":{"start":{"line":3,"column":14},"end":{"line":3,"column":15}},"loc":{"start":{"line":3,"column":24},"end":{"line":3,"column":54}},"line":3}},"branchMap":{},"s":{"0":1,"1":2},"f":{"0":2},"b":{},"_coverageSchema":"1a1c01bbd47fc00a2c39e90264f33305004495a9","hash":"662c8a71585ba63dbe51b001c106e24f513aa3b9"}
}
