TN:
SF:src/compare.js
FN:3,(anonymous_0)
FN:24,(anonymous_1)
FNF:2
FNH:2
FNDA:2,(anonymous_0)
FNDA:5,(anonymous_1)
DA:3,1
DA:4,2
DA:5,2
DA:6,2
DA:7,2
DA:8,4
DA:9,2
DA:10,1
DA:12,1
DA:13,1
DA:16,2
DA:19,2
DA:20,3
DA:21,1
DA:24,2
DA:25,5
DA:26,0
DA:27,5
DA:28,4
DA:30,1
DA:32,2
LF:21
LH:20
BRDA:8,0,0,2
BRDA:8,0,1,2
BRDA:9,1,0,1
BRDA:9,1,1,1
BRDA:20,2,0,1
BRDA:20,2,1,2
BRDA:25,3,0,0
BRDA:25,3,1,5
BRDA:27,4,0,4
BRDA:27,4,1,1
BRF:10
BRH:9
end_of_record
TN:
SF:src/parse.js
FN:3,(anonymous_0)
FNF:1
FNH:1
FNDA:2,(anonymous_0)
DA:3,2
LF:1
LH:1
BRF:0
BRH:0
end_of_record
